04/07/24 22:18 - INFO - ### Processing New Batch ###
04/07/24 22:18 - DEBUG - Starting new HTTP connection (1): 127.0.0.1:7864
04/07/24 22:19 - WARNING - API at http://127.0.0.1:7864 is not responsive. Attempt 1 failed.
04/07/24 22:19 - DEBUG - Starting new HTTP connection (1): 127.0.0.1:7864
04/07/24 22:19 - WARNING - API at http://127.0.0.1:7864 is not responsive. Attempt 2 failed.
04/07/24 22:19 - DEBUG - Starting new HTTP connection (1): 127.0.0.1:7864
04/07/24 22:19 - WARNING - API at http://127.0.0.1:7864 is not responsive. Attempt 3 failed.
04/07/24 22:19 - ERROR - API at http://127.0.0.1:7864 is not responsive after 3 attempts. Skipping.
04/07/24 22:19 - DEBUG - Looking into JSON directory: Images\1
04/07/24 22:19 - INFO - Found JSON directory: Images\1\json
04/07/24 22:19 - DEBUG - Processing existing JSON files in directory: Images\1\json
04/07/24 22:19 - DEBUG - Reading JSON file: Images\1\json\1_RANDOS (30)_clip_analysis.json
04/07/24 22:19 - DEBUG - Writing prompt list file: Output\CLIP_analysis\1_caption_Prompts.txt
04/07/24 22:19 - INFO - 04/07/24 22:19 1_caption_Prompts.txt
04/07/24 22:19 - DEBUG - Writing prompt list file: Output\CLIP_analysis\1_best_Prompts.txt
04/07/24 22:19 - INFO - 04/07/24 22:19 1_best_Prompts.txt
04/07/24 22:19 - DEBUG - Writing prompt list file: Output\CLIP_analysis\1_fast_Prompts.txt
04/07/24 22:19 - INFO - 04/07/24 22:19 1_fast_Prompts.txt
04/07/24 22:19 - DEBUG - Writing prompt list file: Output\CLIP_analysis\1_classic_Prompts.txt
04/07/24 22:19 - INFO - 04/07/24 22:19 1_classic_Prompts.txt
04/07/24 22:19 - DEBUG - Writing prompt list file: Output\CLIP_analysis\1_negative_Prompts.txt
04/07/24 22:19 - INFO - 04/07/24 22:19 1_negative_Prompts.txt
04/07/24 22:19 - DEBUG - Looking into JSON directory: Images\2
04/07/24 22:19 - INFO - Found JSON directory: Images\2\json
04/07/24 22:19 - DEBUG - Processing existing JSON files in directory: Images\2\json
04/07/24 22:19 - DEBUG - Reading JSON file: Images\2\json\2_FarSide (26)_clip_analysis.json
04/07/24 22:19 - DEBUG - Reading JSON file: Images\2\json\2_RANDOS (20)_clip_analysis.json
04/07/24 22:19 - DEBUG - Writing prompt list file: Output\CLIP_analysis\2_caption_Prompts.txt
04/07/24 22:19 - INFO - 04/07/24 22:19 2_caption_Prompts.txt
04/07/24 22:19 - DEBUG - Writing prompt list file: Output\CLIP_analysis\2_best_Prompts.txt
04/07/24 22:19 - INFO - 04/07/24 22:19 2_best_Prompts.txt
04/07/24 22:19 - DEBUG - Writing prompt list file: Output\CLIP_analysis\2_fast_Prompts.txt
04/07/24 22:19 - INFO - 04/07/24 22:19 2_fast_Prompts.txt
04/07/24 22:19 - DEBUG - Writing prompt list file: Output\CLIP_analysis\2_classic_Prompts.txt
04/07/24 22:19 - INFO - 04/07/24 22:19 2_classic_Prompts.txt
04/07/24 22:19 - DEBUG - Writing prompt list file: Output\CLIP_analysis\2_negative_Prompts.txt
04/07/24 22:19 - INFO - 04/07/24 22:19 2_negative_Prompts.txt
04/07/24 22:19 - DEBUG - Looking into JSON directory: Images\test
04/07/24 22:19 - INFO - Found JSON directory: Images\test\json
04/07/24 22:19 - DEBUG - Processing existing JSON files in directory: Images\test\json
04/07/24 22:19 - DEBUG - Reading JSON file: Images\test\json\test_FarSide (81)_clip_analysis.json
04/07/24 22:19 - DEBUG - Reading JSON file: Images\test\json\test_sample_clip_analysis.json
04/07/24 22:19 - DEBUG - Writing prompt list file: Output\CLIP_analysis\test_caption_Prompts.txt
04/07/24 22:19 - INFO - 04/07/24 22:19 test_caption_Prompts.txt
04/07/24 22:19 - DEBUG - Writing prompt list file: Output\CLIP_analysis\test_best_Prompts.txt
04/07/24 22:19 - INFO - 04/07/24 22:19 test_best_Prompts.txt
04/07/24 22:19 - DEBUG - Writing prompt list file: Output\CLIP_analysis\test_fast_Prompts.txt
04/07/24 22:19 - INFO - 04/07/24 22:19 test_fast_Prompts.txt
04/07/24 22:19 - DEBUG - Writing prompt list file: Output\CLIP_analysis\test_classic_Prompts.txt
04/07/24 22:19 - INFO - 04/07/24 22:19 test_classic_Prompts.txt
04/07/24 22:19 - DEBUG - Writing prompt list file: Output\CLIP_analysis\test_negative_Prompts.txt
04/07/24 22:19 - INFO - 04/07/24 22:19 test_negative_Prompts.txt
